15-Feb-2019 13:29:47.232 信息 [main] org.apache.catalina.core.ApplicationContext.log ContextListener: contextInitialized()
15-Feb-2019 13:29:47.232 信息 [main] org.apache.catalina.core.ApplicationContext.log SessionListener: contextInitialized()
15-Feb-2019 13:29:47.235 信息 [main] org.apache.catalina.core.ApplicationContext.log ContextListener: attributeAdded('StockTicker', 'async.Stockticker@3c1e3314')
15-Feb-2019 13:30:57.583 信息 [main] org.apache.catalina.core.ApplicationContext.log ContextListener: contextInitialized()
15-Feb-2019 13:30:57.584 信息 [main] org.apache.catalina.core.ApplicationContext.log SessionListener: contextInitialized()
15-Feb-2019 13:30:57.586 信息 [main] org.apache.catalina.core.ApplicationContext.log ContextListener: attributeAdded('StockTicker', 'async.Stockticker@1a1d3c1a')
15-Feb-2019 15:31:28.127 信息 [main] org.apache.catalina.core.ApplicationContext.log ContextListener: contextInitialized()
15-Feb-2019 15:31:28.128 信息 [main] org.apache.catalina.core.ApplicationContext.log SessionListener: contextInitialized()
15-Feb-2019 15:31:28.131 信息 [main] org.apache.catalina.core.ApplicationContext.log ContextListener: attributeAdded('StockTicker', 'async.Stockticker@2fb68ec6')
15-Feb-2019 15:31:47.011 信息 [http-nio-8080-exec-3] org.apache.catalina.core.ApplicationContext.log Marking servlet [loginin] as unavailable
15-Feb-2019 15:31:47.012 严重 [http-nio-8080-exec-3] org.apache.catalina.core.StandardWrapperValve.invoke Allocate exception for servlet [loginin]
 java.lang.ClassNotFoundException: com.login.web.LoginIn
	at org.apache.catalina.loader.WebappClassLoaderBase.loadClass(WebappClassLoaderBase.java:1363)
	at org.apache.catalina.loader.WebappClassLoaderBase.loadClass(WebappClassLoaderBase.java:1186)
	at org.apache.catalina.core.DefaultInstanceManager.loadClass(DefaultInstanceManager.java:540)
	at org.apache.catalina.core.DefaultInstanceManager.loadClassMaybePrivileged(DefaultInstanceManager.java:521)
	at org.apache.catalina.core.DefaultInstanceManager.newInstance(DefaultInstanceManager.java:150)
	at org.apache.catalina.core.StandardWrapper.loadServlet(StandardWrapper.java:1031)
	at org.apache.catalina.core.StandardWrapper.allocate(StandardWrapper.java:761)
	at org.apache.catalina.core.StandardWrapperValve.invoke(StandardWrapperValve.java:134)
	at org.apache.catalina.core.StandardContextValve.invoke(StandardContextValve.java:96)
	at org.apache.catalina.authenticator.AuthenticatorBase.invoke(AuthenticatorBase.java:490)
	at org.apache.catalina.core.StandardHostValve.invoke(StandardHostValve.java:139)
	at org.apache.catalina.valves.ErrorReportValve.invoke(ErrorReportValve.java:92)
	at org.apache.catalina.valves.AbstractAccessLogValve.invoke(AbstractAccessLogValve.java:668)
	at org.apache.catalina.core.StandardEngineValve.invoke(StandardEngineValve.java:74)
	at org.apache.catalina.connector.CoyoteAdapter.service(CoyoteAdapter.java:343)
	at org.apache.coyote.http11.Http11Processor.service(Http11Processor.java:408)
	at org.apache.coyote.AbstractProcessorLight.process(AbstractProcessorLight.java:66)
	at org.apache.coyote.AbstractProtocol$ConnectionHandler.process(AbstractProtocol.java:834)
	at org.apache.tomcat.util.net.NioEndpoint$SocketProcessor.doRun(NioEndpoint.java:1415)
	at org.apache.tomcat.util.net.SocketProcessorBase.run(SocketProcessorBase.java:49)
	at java.base/java.util.concurrent.ThreadPoolExecutor.runWorker(ThreadPoolExecutor.java:1128)
	at java.base/java.util.concurrent.ThreadPoolExecutor$Worker.run(ThreadPoolExecutor.java:628)
	at org.apache.tomcat.util.threads.TaskThread$WrappingRunnable.run(TaskThread.java:61)
	at java.base/java.lang.Thread.run(Thread.java:834)

15-Feb-2019 15:32:52.397 信息 [main] org.apache.catalina.core.ApplicationContext.log ContextListener: contextInitialized()
15-Feb-2019 15:32:52.398 信息 [main] org.apache.catalina.core.ApplicationContext.log SessionListener: contextInitialized()
15-Feb-2019 15:32:52.400 信息 [main] org.apache.catalina.core.ApplicationContext.log ContextListener: attributeAdded('StockTicker', 'async.Stockticker@117632cf')
15-Feb-2019 15:32:59.342 信息 [http-nio-8080-exec-5] org.apache.catalina.core.ApplicationContext.log Marking servlet [loginin] as unavailable
15-Feb-2019 15:32:59.344 严重 [http-nio-8080-exec-5] org.apache.catalina.core.StandardWrapperValve.invoke Allocate exception for servlet [loginin]
 java.lang.ClassCastException: class com.account.web.LoginIn cannot be cast to class javax.servlet.Servlet (com.account.web.LoginIn is in unnamed module of loader org.apache.catalina.loader.ParallelWebappClassLoader @63a270c9; javax.servlet.Servlet is in unnamed module of loader java.net.URLClassLoader @7791a895)
	at org.apache.catalina.core.StandardWrapper.loadServlet(StandardWrapper.java:1031)
	at org.apache.catalina.core.StandardWrapper.allocate(StandardWrapper.java:761)
	at org.apache.catalina.core.StandardWrapperValve.invoke(StandardWrapperValve.java:134)
	at org.apache.catalina.core.StandardContextValve.invoke(StandardContextValve.java:96)
	at org.apache.catalina.authenticator.AuthenticatorBase.invoke(AuthenticatorBase.java:490)
	at org.apache.catalina.core.StandardHostValve.invoke(StandardHostValve.java:139)
	at org.apache.catalina.valves.ErrorReportValve.invoke(ErrorReportValve.java:92)
	at org.apache.catalina.valves.AbstractAccessLogValve.invoke(AbstractAccessLogValve.java:668)
	at org.apache.catalina.core.StandardEngineValve.invoke(StandardEngineValve.java:74)
	at org.apache.catalina.connector.CoyoteAdapter.service(CoyoteAdapter.java:343)
	at org.apache.coyote.http11.Http11Processor.service(Http11Processor.java:408)
	at org.apache.coyote.AbstractProcessorLight.process(AbstractProcessorLight.java:66)
	at org.apache.coyote.AbstractProtocol$ConnectionHandler.process(AbstractProtocol.java:834)
	at org.apache.tomcat.util.net.NioEndpoint$SocketProcessor.doRun(NioEndpoint.java:1415)
	at org.apache.tomcat.util.net.SocketProcessorBase.run(SocketProcessorBase.java:49)
	at java.base/java.util.concurrent.ThreadPoolExecutor.runWorker(ThreadPoolExecutor.java:1128)
	at java.base/java.util.concurrent.ThreadPoolExecutor$Worker.run(ThreadPoolExecutor.java:628)
	at org.apache.tomcat.util.threads.TaskThread$WrappingRunnable.run(TaskThread.java:61)
	at java.base/java.lang.Thread.run(Thread.java:834)

15-Feb-2019 15:33:33.361 信息 [main] org.apache.catalina.core.ApplicationContext.log ContextListener: contextInitialized()
15-Feb-2019 15:33:33.363 信息 [main] org.apache.catalina.core.ApplicationContext.log SessionListener: contextInitialized()
15-Feb-2019 15:33:33.366 信息 [main] org.apache.catalina.core.ApplicationContext.log ContextListener: attributeAdded('StockTicker', 'async.Stockticker@117632cf')
15-Feb-2019 15:33:43.898 信息 [http-nio-8080-exec-2] org.apache.catalina.core.ApplicationContext.log Marking servlet [loginin] as unavailable
15-Feb-2019 15:33:43.900 严重 [http-nio-8080-exec-2] org.apache.catalina.core.StandardWrapperValve.invoke Allocate exception for servlet [loginin]
 java.lang.ClassCastException: class com.account.web.LoginIn cannot be cast to class javax.servlet.Servlet (com.account.web.LoginIn is in unnamed module of loader org.apache.catalina.loader.ParallelWebappClassLoader @63a270c9; javax.servlet.Servlet is in unnamed module of loader java.net.URLClassLoader @7791a895)
	at org.apache.catalina.core.StandardWrapper.loadServlet(StandardWrapper.java:1031)
	at org.apache.catalina.core.StandardWrapper.allocate(StandardWrapper.java:761)
	at org.apache.catalina.core.StandardWrapperValve.invoke(StandardWrapperValve.java:134)
	at org.apache.catalina.core.StandardContextValve.invoke(StandardContextValve.java:96)
	at org.apache.catalina.authenticator.AuthenticatorBase.invoke(AuthenticatorBase.java:490)
	at org.apache.catalina.core.StandardHostValve.invoke(StandardHostValve.java:139)
	at org.apache.catalina.valves.ErrorReportValve.invoke(ErrorReportValve.java:92)
	at org.apache.catalina.valves.AbstractAccessLogValve.invoke(AbstractAccessLogValve.java:668)
	at org.apache.catalina.core.StandardEngineValve.invoke(StandardEngineValve.java:74)
	at org.apache.catalina.connector.CoyoteAdapter.service(CoyoteAdapter.java:343)
	at org.apache.coyote.http11.Http11Processor.service(Http11Processor.java:408)
	at org.apache.coyote.AbstractProcessorLight.process(AbstractProcessorLight.java:66)
	at org.apache.coyote.AbstractProtocol$ConnectionHandler.process(AbstractProtocol.java:834)
	at org.apache.tomcat.util.net.NioEndpoint$SocketProcessor.doRun(NioEndpoint.java:1415)
	at org.apache.tomcat.util.net.SocketProcessorBase.run(SocketProcessorBase.java:49)
	at java.base/java.util.concurrent.ThreadPoolExecutor.runWorker(ThreadPoolExecutor.java:1128)
	at java.base/java.util.concurrent.ThreadPoolExecutor$Worker.run(ThreadPoolExecutor.java:628)
	at org.apache.tomcat.util.threads.TaskThread$WrappingRunnable.run(TaskThread.java:61)
	at java.base/java.lang.Thread.run(Thread.java:834)

15-Feb-2019 15:37:52.018 信息 [main] org.apache.catalina.core.ApplicationContext.log ContextListener: contextInitialized()
15-Feb-2019 15:37:52.018 信息 [main] org.apache.catalina.core.ApplicationContext.log SessionListener: contextInitialized()
15-Feb-2019 15:37:52.023 信息 [main] org.apache.catalina.core.ApplicationContext.log ContextListener: attributeAdded('StockTicker', 'async.Stockticker@7cc9ce8')
